## Footprint report - date 08/08/17 20:16:01
## Created by Pcbnew version kicad 4.0.6
## Unit = mm, Angle = deg.

$BeginDESCRIPTION

$BOARD
upper_left_corner 70.204000 80.056666
lower_right_corner 155.448572 128.310714
$EndBOARD

$MODULE "REF**"
reference "REF**"
value "MountingHole_3.7mm"
footprint "Mounting_Holes:MountingHole_3.7mm"
attribut none
position 96.520000 95.250000  orientation 0.00
layer front
$PAD "1"
Shape Circle Layer both
position  0.000000  0.000000  size  3.700000  3.700000  orientation 0.00
drill  3.700000
shape_offset  0.000000  0.000000
$EndPAD
$EndMODULE  REF**

$MODULE "LF1"
reference "LF1"
value "TSL235R-LF"
footprint "footprints:TSL235R-LF-S"
attribut none
position 104.140000 95.250000  orientation 180.00
layer back
$PAD "1"
Shape Rect Layer both
position -2.000000  0.000000  size  1.200000  1.300000  orientation 0.00
drill  0.762000
shape_offset  0.000000  0.000000
$EndPAD
$PAD "2"
Shape Circle Layer both
position  0.000000  0.000000  size  1.524000  1.524000  orientation 0.00
drill  0.762000
shape_offset  0.000000  0.000000
$EndPAD
$PAD "3"
Shape Circle Layer both
position  2.000000  0.000000  size  1.524000  1.524000  orientation 0.00
drill  0.762000
shape_offset  0.000000  0.000000
$EndPAD
$EndMODULE  LF1

$MODULE "J4"
reference "J4"
value "CONN_01X03"
footprint "Pin_Headers:Pin_Header_Straight_1x03_Pitch2.54mm"
attribut none
position 99.060000 85.090000  orientation 270.00
layer front
$PAD "1"
Shape Rect Layer both
position  0.000000  0.000000  size  1.700000  1.700000  orientation 0.00
drill  1.000000
shape_offset  0.000000  0.000000
$EndPAD
$PAD "2"
Shape Oval Layer both
position  0.000000  2.540000  size  1.700000  1.700000  orientation 0.00
drill  1.000000
shape_offset  0.000000  0.000000
$EndPAD
$PAD "3"
Shape Oval Layer both
position  0.000000  5.080000  size  1.700000  1.700000  orientation 0.00
drill  1.000000
shape_offset  0.000000  0.000000
$EndPAD
$EndMODULE  J4

$MODULE "U2"
reference "U2"
value "POLOLU_A4988"
footprint "footprints:SWDIP8_.6W"
attribut none
position 86.360000 119.380000  orientation 0.00
layer front
$PAD "1"
Shape Rect Layer both
position -8.890000  6.350000  size  1.524000  1.524000  orientation 0.00
drill  0.812800
shape_offset  0.000000  0.000000
$EndPAD
$PAD "2"
Shape Circle Layer both
position -6.350000  6.350000  size  1.524000  1.524000  orientation 0.00
drill  0.812800
shape_offset  0.000000  0.000000
$EndPAD
$PAD "3"
Shape Circle Layer both
position -3.810000  6.350000  size  1.524000  1.524000  orientation 0.00
drill  0.812800
shape_offset  0.000000  0.000000
$EndPAD
$PAD "4"
Shape Circle Layer both
position -1.270000  6.350000  size  1.524000  1.524000  orientation 0.00
drill  0.812800
shape_offset  0.000000  0.000000
$EndPAD
$PAD "5"
Shape Circle Layer both
position  1.270000  6.350000  size  1.524000  1.524000  orientation 0.00
drill  0.812800
shape_offset  0.000000  0.000000
$EndPAD
$PAD "6"
Shape Circle Layer both
position  3.810000  6.350000  size  1.524000  1.524000  orientation 0.00
drill  0.812800
shape_offset  0.000000  0.000000
$EndPAD
$PAD "7"
Shape Rect Layer both
position  6.350000  6.350000  size  1.524000  1.524000  orientation 0.00
drill  0.812800
shape_offset  0.000000  0.000000
$EndPAD
$PAD "8"
Shape Circle Layer both
position  8.890000  6.350000  size  1.524000  1.524000  orientation 0.00
drill  0.812800
shape_offset  0.000000  0.000000
$EndPAD
$PAD "9"
Shape Circle Layer both
position  8.890000 -6.350000  size  1.524000  1.524000  orientation 0.00
drill  0.812800
shape_offset  0.000000  0.000000
$EndPAD
$PAD "10"
Shape Circle Layer both
position  6.350000 -6.350000  size  1.524000  1.524000  orientation 0.00
drill  0.812800
shape_offset  0.000000  0.000000
$EndPAD
$PAD "11"
Shape Circle Layer both
position  3.810000 -6.350000  size  1.524000  1.524000  orientation 0.00
drill  0.812800
shape_offset  0.000000  0.000000
$EndPAD
$PAD "12"
Shape Circle Layer both
position  1.270000 -6.350000  size  1.524000  1.524000  orientation 0.00
drill  0.812800
shape_offset  0.000000  0.000000
$EndPAD
$PAD "13"
Shape Circle Layer both
position -1.270000 -6.350000  size  1.524000  1.524000  orientation 0.00
drill  0.812800
shape_offset  0.000000  0.000000
$EndPAD
$PAD "14"
Shape Circle Layer both
position -3.810000 -6.350000  size  1.524000  1.524000  orientation 0.00
drill  0.812800
shape_offset  0.000000  0.000000
$EndPAD
$PAD "15"
Shape Circle Layer both
position -6.350000 -6.350000  size  1.524000  1.524000  orientation 0.00
drill  0.812800
shape_offset  0.000000  0.000000
$EndPAD
$PAD "16"
Shape Circle Layer both
position -8.890000 -6.350000  size  1.524000  1.524000  orientation 0.00
drill  0.812800
shape_offset  0.000000  0.000000
$EndPAD
$EndMODULE  U2

$MODULE "Q4"
reference "Q4"
value "CJ2302"
footprint "TO_SOT_Packages_SMD:SOT-23"
attribut smd
position 109.220000 90.170000  orientation 90.00
layer front
$PAD "1"
Shape Rect Layer front
position -1.000000 -0.950000  size  0.900000  0.800000  orientation 0.00
drill  0.000000
shape_offset  0.000000  0.000000
$EndPAD
$PAD "2"
Shape Rect Layer front
position -1.000000  0.950000  size  0.900000  0.800000  orientation 0.00
drill  0.000000
shape_offset  0.000000  0.000000
$EndPAD
$PAD "3"
Shape Rect Layer front
position  1.000000  0.000000  size  0.900000  0.800000  orientation 0.00
drill  0.000000
shape_offset  0.000000  0.000000
$EndPAD
$EndMODULE  Q4

$MODULE "C1"
reference "C1"
value "1uF"
footprint "Capacitors_SMD:C_0805"
attribut smd
position 105.156000 98.552000  orientation 0.00
layer front
$PAD "1"
Shape Rect Layer front
position -1.000000  0.000000  size  1.000000  1.250000  orientation 0.00
drill  0.000000
shape_offset  0.000000  0.000000
$EndPAD
$PAD "2"
Shape Rect Layer front
position  1.000000  0.000000  size  1.000000  1.250000  orientation 0.00
drill  0.000000
shape_offset  0.000000  0.000000
$EndPAD
$EndMODULE  C1

$MODULE "C2"
reference "C2"
value "47uF"
footprint "Capacitors_Tantalum_SMD:CP_Tantalum_Case-C_EIA-6032-28_Reflow"
attribut smd
position 92.471000 119.380000  orientation 180.00
layer front
$PAD "1"
Shape Rect Layer front
position -2.525000  0.000000  size  2.550000  2.500000  orientation 0.00
drill  0.000000
shape_offset  0.000000  0.000000
$EndPAD
$PAD "2"
Shape Rect Layer front
position  2.525000  0.000000  size  2.550000  2.500000  orientation 0.00
drill  0.000000
shape_offset  0.000000  0.000000
$EndPAD
$EndMODULE  C2

$MODULE "ISP1"
reference "ISP1"
value "AVR-ISP-6"
footprint "Pin_Headers:Pin_Header_Straight_2x03_Pitch2.54mm"
attribut none
position 119.380000 125.095000  orientation 90.00
layer front
$PAD "1"
Shape Rect Layer both
position  0.000000  0.000000  size  1.700000  1.700000  orientation 0.00
drill  1.000000
shape_offset  0.000000  0.000000
$EndPAD
$PAD "2"
Shape Oval Layer both
position  2.540000  0.000000  size  1.700000  1.700000  orientation 0.00
drill  1.000000
shape_offset  0.000000  0.000000
$EndPAD
$PAD "3"
Shape Oval Layer both
position  0.000000  2.540000  size  1.700000  1.700000  orientation 0.00
drill  1.000000
shape_offset  0.000000  0.000000
$EndPAD
$PAD "4"
Shape Oval Layer both
position  2.540000  2.540000  size  1.700000  1.700000  orientation 0.00
drill  1.000000
shape_offset  0.000000  0.000000
$EndPAD
$PAD "5"
Shape Oval Layer both
position  0.000000  5.080000  size  1.700000  1.700000  orientation 0.00
drill  1.000000
shape_offset  0.000000  0.000000
$EndPAD
$PAD "6"
Shape Oval Layer both
position  2.540000  5.080000  size  1.700000  1.700000  orientation 0.00
drill  1.000000
shape_offset  0.000000  0.000000
$EndPAD
$EndMODULE  ISP1

$MODULE "J3"
reference "J3"
value "CONN_01X04"
footprint "Pin_Headers:Pin_Header_Straight_1x04_Pitch2.54mm"
attribut none
position 82.550000 123.190000  orientation 270.00
layer back
$PAD "1"
Shape Rect Layer both
position  0.000000  0.000000  size  1.700000  1.700000  orientation 0.00
drill  1.000000
shape_offset  0.000000  0.000000
$EndPAD
$PAD "2"
Shape Oval Layer both
position  0.000000 -2.540000  size  1.700000  1.700000  orientation 0.00
drill  1.000000
shape_offset  0.000000  0.000000
$EndPAD
$PAD "3"
Shape Oval Layer both
position  0.000000 -5.080000  size  1.700000  1.700000  orientation 0.00
drill  1.000000
shape_offset  0.000000  0.000000
$EndPAD
$PAD "4"
Shape Oval Layer both
position  0.000000 -7.620000  size  1.700000  1.700000  orientation 0.00
drill  1.000000
shape_offset  0.000000  0.000000
$EndPAD
$EndMODULE  J3

$MODULE "J5"
reference "J5"
value "CONN_02X03"
footprint "Pin_Headers:Pin_Header_Straight_2x03_Pitch2.54mm"
attribut none
position 104.140000 86.360000  orientation 90.00
layer front
$PAD "1"
Shape Rect Layer both
position  0.000000  0.000000  size  1.700000  1.700000  orientation 0.00
drill  1.000000
shape_offset  0.000000  0.000000
$EndPAD
$PAD "2"
Shape Oval Layer both
position  2.540000  0.000000  size  1.700000  1.700000  orientation 0.00
drill  1.000000
shape_offset  0.000000  0.000000
$EndPAD
$PAD "3"
Shape Oval Layer both
position  0.000000  2.540000  size  1.700000  1.700000  orientation 0.00
drill  1.000000
shape_offset  0.000000  0.000000
$EndPAD
$PAD "4"
Shape Oval Layer both
position  2.540000  2.540000  size  1.700000  1.700000  orientation 0.00
drill  1.000000
shape_offset  0.000000  0.000000
$EndPAD
$PAD "5"
Shape Oval Layer both
position  0.000000  5.080000  size  1.700000  1.700000  orientation 0.00
drill  1.000000
shape_offset  0.000000  0.000000
$EndPAD
$PAD "6"
Shape Oval Layer both
position  2.540000  5.080000  size  1.700000  1.700000  orientation 0.00
drill  1.000000
shape_offset  0.000000  0.000000
$EndPAD
$EndMODULE  J5

$MODULE "LF2"
reference "LF2"
value "TSL235R-LF"
footprint "footprints:TSL235R-LF-S"
attribut none
position 147.320000 104.140000  orientation 90.00
layer back
$PAD "1"
Shape Rect Layer both
position -2.000000  0.000000  size  1.200000  1.300000  orientation 0.00
drill  0.762000
shape_offset  0.000000  0.000000
$EndPAD
$PAD "2"
Shape Circle Layer both
position  0.000000  0.000000  size  1.524000  1.524000  orientation 0.00
drill  0.762000
shape_offset  0.000000  0.000000
$EndPAD
$PAD "3"
Shape Circle Layer both
position  2.000000  0.000000  size  1.524000  1.524000  orientation 0.00
drill  0.762000
shape_offset  0.000000  0.000000
$EndPAD
$EndMODULE  LF2

$MODULE "Q3"
reference "Q3"
value "CJ2302"
footprint "TO_SOT_Packages_SMD:SOT-23"
attribut smd
position 105.410000 90.170000  orientation 90.00
layer front
$PAD "1"
Shape Rect Layer front
position -1.000000 -0.950000  size  0.900000  0.800000  orientation 0.00
drill  0.000000
shape_offset  0.000000  0.000000
$EndPAD
$PAD "2"
Shape Rect Layer front
position -1.000000  0.950000  size  0.900000  0.800000  orientation 0.00
drill  0.000000
shape_offset  0.000000  0.000000
$EndPAD
$PAD "3"
Shape Rect Layer front
position  1.000000  0.000000  size  0.900000  0.800000  orientation 0.00
drill  0.000000
shape_offset  0.000000  0.000000
$EndPAD
$EndMODULE  Q3

$MODULE "R3"
reference "R3"
value "10k"
footprint "Resistors_SMD:R_0805"
attribut smd
position 113.980000 124.460000  orientation 180.00
layer front
$PAD "1"
Shape Rect Layer front
position -0.950000  0.000000  size  0.700000  1.300000  orientation 0.00
drill  0.000000
shape_offset  0.000000  0.000000
$EndPAD
$PAD "2"
Shape Rect Layer front
position  0.950000  0.000000  size  0.700000  1.300000  orientation 0.00
drill  0.000000
shape_offset  0.000000  0.000000
$EndPAD
$EndMODULE  R3

$MODULE "R6"
reference "R6"
value "10k"
footprint "Resistors_SMD:R_0805"
attribut smd
position 96.520000 88.265000  orientation 180.00
layer front
$PAD "1"
Shape Rect Layer front
position -0.950000  0.000000  size  0.700000  1.300000  orientation 0.00
drill  0.000000
shape_offset  0.000000  0.000000
$EndPAD
$PAD "2"
Shape Rect Layer front
position  0.950000  0.000000  size  0.700000  1.300000  orientation 0.00
drill  0.000000
shape_offset  0.000000  0.000000
$EndPAD
$EndMODULE  R6

$MODULE "U1"
reference "U1"
value "ATMEGA328P-A"
footprint "Housings_QFP:TQFP-32_7x7mm_Pitch0.8mm"
attribut smd
position 107.479211 117.650380  orientation 315.00
layer front
$PAD "1"
Shape Rect Layer front
position -4.250000 -2.800000  size  1.600000  0.550000  orientation 0.00
drill  0.000000
shape_offset  0.000000  0.000000
$EndPAD
$PAD "2"
Shape Rect Layer front
position -4.250000 -2.000000  size  1.600000  0.550000  orientation 0.00
drill  0.000000
shape_offset  0.000000  0.000000
$EndPAD
$PAD "3"
Shape Rect Layer front
position -4.250000 -1.200000  size  1.600000  0.550000  orientation 0.00
drill  0.000000
shape_offset  0.000000  0.000000
$EndPAD
$PAD "4"
Shape Rect Layer front
position -4.250000 -0.400000  size  1.600000  0.550000  orientation 0.00
drill  0.000000
shape_offset  0.000000  0.000000
$EndPAD
$PAD "5"
Shape Rect Layer front
position -4.250000  0.400000  size  1.600000  0.550000  orientation 0.00
drill  0.000000
shape_offset  0.000000  0.000000
$EndPAD
$PAD "6"
Shape Rect Layer front
position -4.250000  1.200000  size  1.600000  0.550000  orientation 0.00
drill  0.000000
shape_offset  0.000000  0.000000
$EndPAD
$PAD "7"
Shape Rect Layer front
position -4.250000  2.000000  size  1.600000  0.550000  orientation 0.00
drill  0.000000
shape_offset  0.000000  0.000000
$EndPAD
$PAD "8"
Shape Rect Layer front
position -4.250000  2.800000  size  1.600000  0.550000  orientation 0.00
drill  0.000000
shape_offset  0.000000  0.000000
$EndPAD
$PAD "9"
Shape Rect Layer front
position -2.800000  4.250000  size  1.600000  0.550000  orientation -270.00
drill  0.000000
shape_offset  0.000000  0.000000
$EndPAD
$PAD "10"
Shape Rect Layer front
position -2.000000  4.250000  size  1.600000  0.550000  orientation -270.00
drill  0.000000
shape_offset  0.000000  0.000000
$EndPAD
$PAD "11"
Shape Rect Layer front
position -1.200000  4.250000  size  1.600000  0.550000  orientation -270.00
drill  0.000000
shape_offset  0.000000  0.000000
$EndPAD
$PAD "12"
Shape Rect Layer front
position -0.400000  4.250000  size  1.600000  0.550000  orientation -270.00
drill  0.000000
shape_offset  0.000000  0.000000
$EndPAD
$PAD "13"
Shape Rect Layer front
position  0.400000  4.250000  size  1.600000  0.550000  orientation -270.00
drill  0.000000
shape_offset  0.000000  0.000000
$EndPAD
$PAD "14"
Shape Rect Layer front
position  1.200000  4.250000  size  1.600000  0.550000  orientation -270.00
drill  0.000000
shape_offset  0.000000  0.000000
$EndPAD
$PAD "15"
Shape Rect Layer front
position  2.000000  4.250000  size  1.600000  0.550000  orientation -270.00
drill  0.000000
shape_offset  0.000000  0.000000
$EndPAD
$PAD "16"
Shape Rect Layer front
position  2.800000  4.250000  size  1.600000  0.550000  orientation -270.00
drill  0.000000
shape_offset  0.000000  0.000000
$EndPAD
$PAD "17"
Shape Rect Layer front
position  4.250000  2.800000  size  1.600000  0.550000  orientation 0.00
drill  0.000000
shape_offset  0.000000  0.000000
$EndPAD
$PAD "18"
Shape Rect Layer front
position  4.250000  2.000000  size  1.600000  0.550000  orientation 0.00
drill  0.000000
shape_offset  0.000000  0.000000
$EndPAD
$PAD "19"
Shape Rect Layer front
position  4.250000  1.200000  size  1.600000  0.550000  orientation 0.00
drill  0.000000
shape_offset  0.000000  0.000000
$EndPAD
$PAD "20"
Shape Rect Layer front
position  4.250000  0.400000  size  1.600000  0.550000  orientation 0.00
drill  0.000000
shape_offset  0.000000  0.000000
$EndPAD
$PAD "21"
Shape Rect Layer front
position  4.250000 -0.400000  size  1.600000  0.550000  orientation 0.00
drill  0.000000
shape_offset  0.000000  0.000000
$EndPAD
$PAD "22"
Shape Rect Layer front
position  4.250000 -1.200000  size  1.600000  0.550000  orientation 0.00
drill  0.000000
shape_offset  0.000000  0.000000
$EndPAD
$PAD "23"
Shape Rect Layer front
position  4.250000 -2.000000  size  1.600000  0.550000  orientation 0.00
drill  0.000000
shape_offset  0.000000  0.000000
$EndPAD
$PAD "24"
Shape Rect Layer front
position  4.250000 -2.800000  size  1.600000  0.550000  orientation 0.00
drill  0.000000
shape_offset  0.000000  0.000000
$EndPAD
$PAD "25"
Shape Rect Layer front
position  2.800000 -4.250000  size  1.600000  0.550000  orientation -270.00
drill  0.000000
shape_offset  0.000000  0.000000
$EndPAD
$PAD "26"
Shape Rect Layer front
position  2.000000 -4.250000  size  1.600000  0.550000  orientation -270.00
drill  0.000000
shape_offset  0.000000  0.000000
$EndPAD
$PAD "27"
Shape Rect Layer front
position  1.200000 -4.250000  size  1.600000  0.550000  orientation -270.00
drill  0.000000
shape_offset  0.000000  0.000000
$EndPAD
$PAD "28"
Shape Rect Layer front
position  0.400000 -4.250000  size  1.600000  0.550000  orientation -270.00
drill  0.000000
shape_offset  0.000000  0.000000
$EndPAD
$PAD "29"
Shape Rect Layer front
position -0.400000 -4.250000  size  1.600000  0.550000  orientation -270.00
drill  0.000000
shape_offset  0.000000  0.000000
$EndPAD
$PAD "30"
Shape Rect Layer front
position -1.200000 -4.250000  size  1.600000  0.550000  orientation -270.00
drill  0.000000
shape_offset  0.000000  0.000000
$EndPAD
$PAD "31"
Shape Rect Layer front
position -2.000000 -4.250000  size  1.600000  0.550000  orientation -270.00
drill  0.000000
shape_offset  0.000000  0.000000
$EndPAD
$PAD "32"
Shape Rect Layer front
position -2.800000 -4.250000  size  1.600000  0.550000  orientation -270.00
drill  0.000000
shape_offset  0.000000  0.000000
$EndPAD
$EndMODULE  U1

$MODULE "REF**"
reference "REF**"
value "MountingHole_3.7mm"
footprint "Mounting_Holes:MountingHole_3.7mm"
attribut none
position 147.320000 96.520000  orientation 0.00
layer front
$PAD "1"
Shape Circle Layer both
position  0.000000  0.000000  size  3.700000  3.700000  orientation 0.00
drill  3.700000
shape_offset  0.000000  0.000000
$EndPAD
$EndMODULE  REF**

$MODULE "REF**"
reference "REF**"
value "MountingHole_3.7mm"
footprint "Mounting_Holes:MountingHole_3.7mm"
attribut none
position 147.320000 111.760000  orientation 0.00
layer front
$PAD "1"
Shape Circle Layer both
position  0.000000  0.000000  size  3.700000  3.700000  orientation 0.00
drill  3.700000
shape_offset  0.000000  0.000000
$EndPAD
$EndMODULE  REF**

$MODULE "J1"
reference "J1"
value "RJ45"
footprint "footprints:54602-908LF"
attribut none
position 80.264000 90.170000  orientation 90.00
layer front
$PAD "1"
Shape Circle Layer both
position  4.445000  6.350000  size  1.600000  1.600000  orientation 0.00
drill  0.900000
shape_offset  0.000000  0.000000
$EndPAD
$PAD "2"
Shape Circle Layer both
position  3.175000  8.890000  size  1.600000  1.600000  orientation 0.00
drill  0.900000
shape_offset  0.000000  0.000000
$EndPAD
$PAD "3"
Shape Circle Layer both
position  1.905000  6.350000  size  1.600000  1.600000  orientation 0.00
drill  0.900000
shape_offset  0.000000  0.000000
$EndPAD
$PAD "4"
Shape Circle Layer both
position  0.635000  8.890000  size  1.600000  1.600000  orientation 0.00
drill  0.900000
shape_offset  0.000000  0.000000
$EndPAD
$PAD "5"
Shape Circle Layer both
position -0.635000  6.350000  size  1.600000  1.600000  orientation 0.00
drill  0.900000
shape_offset  0.000000  0.000000
$EndPAD
$PAD "6"
Shape Circle Layer both
position -1.905000  8.890000  size  1.600000  1.600000  orientation 0.00
drill  0.900000
shape_offset  0.000000  0.000000
$EndPAD
$PAD "7"
Shape Circle Layer both
position -3.175000  6.350000  size  1.750000  1.750000  orientation 0.00
drill  0.900000
shape_offset  0.000000  0.000000
$EndPAD
$PAD "8"
Shape Circle Layer both
position -4.445000  8.890000  size  1.600000  1.600000  orientation 0.00
drill  0.900000
shape_offset  0.000000  0.000000
$EndPAD
$PAD "Hole"
Shape Circle Layer nocopper
position -5.715000  0.000000  size  3.200000  3.200000  orientation 0.00
drill  3.200000
shape_offset  0.000000  0.000000
$EndPAD
$PAD "Hole"
Shape Circle Layer nocopper
position  5.715000  0.000000  size  3.200000  3.200000  orientation 0.00
drill  3.200000
shape_offset  0.000000  0.000000
$EndPAD
$EndMODULE  J1

$EndDESCRIPTION
